$ next build
warn  - You have enabled experimental feature (transpilePackages) in next.config.js.
warn  - Experimental features are not covered by semver, and may cause unexpected or broken application behavior. Use at your own risk.

info  - Linting and checking validity of types...
info  - Creating an optimized production build...
info  - Compiled successfully
info  - Collecting page data...
info  - Generating static pages (0/4)
info  - Generating static pages (1/4)
info  - Generating static pages (2/4)
info  - Generating static pages (3/4)
info  - Generating static pages (4/4)
info  - Finalizing page optimization...

Route (pages)                              Size     First Load JS
┌ ○ /                                      4.29 kB         124 kB
├   /_app                                  0 B             109 kB
├ ○ /404                                   181 B           109 kB
└ ○ /project/[identifier]                  2.3 kB          122 kB
+ First Load JS shared by all              109 kB
  ├ chunks/framework-22108eb722d84e59.js   45.4 kB
  ├ chunks/main-5a7f57009ba196de.js        25.7 kB
  ├ chunks/pages/_app-dd1938d76bcc06dd.js  36.9 kB
  ├ chunks/webpack-ee7e63bc15b31913.js     815 B
  └ css/6249236be3ad7c72.css               177 B

○  (Static)  automatically rendered as static HTML (uses no initial props)

